<?xml version="1.0" encoding="UTF-8"?>
<!-- Generated by org.testng.reporters.JUnitReportReporter -->
<testsuite hostname="Chitranshu" failures="0" tests="4" name="testCases.SettingPriorities1" time="0.027" errors="0" timestamp="2024-05-09T15:03:49 IST" skipped="0">
  <testcase classname="testCases.SettingPriorities1" name="enterCredentials" time="0.019"/>
  <system-out/>
  <testcase classname="testCases.SettingPriorities1" name="diverInitialize" time="0.003"/>
  <system-out/>
  <testcase classname="testCases.SettingPriorities1" name="enterURL" time="0.002"/>
  <system-out/>
  <testcase classname="testCases.SettingPriorities1" name="driverClosing" time="0.003"/>
  <system-out/>
</testsuite> <!-- testCases.SettingPriorities1 -->
