<?xml version="1.0" encoding="UTF-8"?>
<!-- Generated by org.testng.reporters.JUnitReportReporter -->
<testsuite hostname="Chitranshu" failures="0" tests="1" name="com.PersonalDetails.www.EmployeeContactDetailsEditable" time="54.050" errors="0" timestamp="2024-05-14T20:05:42 IST" skipped="0">
  <testcase classname="com.PersonalDetails.www.EmployeeContactDetailsEditable" name="verifyFieldsEditable" time="54.050"/>
  <system-out/>
</testsuite> <!-- com.PersonalDetails.www.EmployeeContactDetailsEditable -->
