<?xml version="1.0" encoding="UTF-8"?>
<!-- Generated by org.testng.reporters.JUnitReportReporter -->
<testsuite hostname="Chitranshu" failures="0" tests="4" name="testCases.SettingPrioritiesEnable" time="0.026" errors="0" timestamp="2024-05-09T15:07:06 IST" skipped="1">
  <testcase classname="testCases.SettingPrioritiesEnable" name="enterURL" time="0.020"/>
  <system-out/>
  <testcase classname="testCases.SettingPrioritiesEnable" name="enterCredentials" time="0.003"/>
  <system-out/>
  <testcase classname="testCases.SettingPrioritiesEnable" name="driverClosing" time="0.003"/>
  <system-out/>
  <testcase classname="testCases.SettingPrioritiesEnable" name="diverInitialize">
    <skipped/>
  </testcase> <!-- diverInitialize -->
  <system-out/>
</testsuite> <!-- testCases.SettingPrioritiesEnable -->
