<?xml version="1.0" encoding="UTF-8"?>
<!-- Generated by org.testng.reporters.JUnitReportReporter -->
<testsuite hostname="Chitranshu" failures="0" tests="1" name="com.ContactDetails.www.EmployeeAddressEditable" time="96.032" errors="0" timestamp="2024-05-22T21:42:43 IST" skipped="0">
  <testcase classname="com.ContactDetails.www.EmployeeAddressEditable" name="verifyAddressEditable" time="96.032"/>
  <system-out/>
</testsuite> <!-- com.ContactDetails.www.EmployeeAddressEditable -->
