<?xml version="1.0" encoding="UTF-8"?>
<!-- Generated by org.testng.reporters.JUnitReportReporter -->
<testsuite hostname="Chitranshu" failures="0" tests="1" name="testCases.VerifyLogin" time="45.237" errors="0" timestamp="2024-05-14T15:32:29 IST" skipped="0">
  <testcase classname="testCases.VerifyLogin" name="verifyLoginButton" time="45.237"/>
  <system-out/>
</testsuite> <!-- testCases.VerifyLogin -->
