<?xml version="1.0" encoding="UTF-8"?>
<!-- Generated by org.testng.reporters.JUnitReportReporter -->
<testsuite hostname="Chitranshu" failures="0" tests="2" name="testCases.AnnotationsPractice" time="0.008" errors="0" timestamp="2024-05-08T00:48:50 IST" skipped="0">
  <testcase classname="testCases.AnnotationsPractice" name="z1" time="0.003"/>
  <system-out/>
  <testcase classname="testCases.AnnotationsPractice" name="m1" time="0.005"/>
  <system-out/>
</testsuite> <!-- testCases.AnnotationsPractice -->
