<?xml version="1.0" encoding="UTF-8"?>
<!-- Generated by org.testng.reporters.JUnitReportReporter -->
<testsuite hostname="Chitranshu" failures="0" tests="2" name="testCases.A" time="0.023" errors="0" timestamp="2024-05-08T00:48:50 IST" skipped="0">
  <testcase classname="testCases.A" name="launchBrowser" time="0.004"/>
  <system-out/>
  <testcase classname="testCases.A" name="enterUrl" time="0.019"/>
  <system-out/>
</testsuite> <!-- testCases.A -->
